\BOOKMARK [0][-]{pretexto.0}{Elementos Pr\351-Textuais}{}% 1
\BOOKMARK [1][-]{pretexto.1.1}{Capa}{pretexto.0}% 2
\BOOKMARK [1][-]{pretexto.2.1}{Publica\347\343o}{pretexto.0}% 3
\BOOKMARK [1][-]{pretexto.3.1}{Folha de Rosto}{pretexto.0}% 4
\BOOKMARK [1][-]{pretexto.4.1}{Aprova\347\343o}{pretexto.0}% 5
\BOOKMARK [1][-]{pretexto.5.1}{Direitos Autorais}{pretexto.0}% 6
\BOOKMARK [1][-]{pretexto.6.1}{Dedicat\363ria}{pretexto.0}% 7
\BOOKMARK [1][-]{pretexto.7.1}{Agradecimentos}{pretexto.0}% 8
\BOOKMARK [1][-]{pretexto.10.1}{Ep\355grafe}{pretexto.0}% 9
\BOOKMARK [1][-]{pretexto.8.1}{Resumo}{pretexto.0}% 10
\BOOKMARK [1][-]{pretexto.9.1}{Abstract}{pretexto.0}% 11
\BOOKMARK [0][-]{sumario.0}{Sum\341rio}{}% 12
\BOOKMARK [0][-]{Doc-Start}{Lista de Figuras}{}% 13
\BOOKMARK [0][-]{Doc-Start}{Lista de Tabelas}{}% 14
\BOOKMARK [0][-]{chapter.1}{1 Introdu\347\343o}{}% 15
\BOOKMARK [1][-]{section.2}{1.1 Contexto}{chapter.1}% 16
\BOOKMARK [1][-]{section.3}{1.2 Motiva\347\343o}{chapter.1}% 17
\BOOKMARK [1][-]{section.4}{1.3 Objetivos}{chapter.1}% 18
\BOOKMARK [2][-]{subsection.5}{1.3.1 Objetivo Geral}{section.4}% 19
\BOOKMARK [2][-]{subsection.6}{1.3.2 Objetivos Espec\355ficos}{section.4}% 20
\BOOKMARK [1][-]{section.12}{1.4 Metodologia}{chapter.1}% 21
\BOOKMARK [1][-]{section.13}{1.5 Organiza\347\343o do Trabalho}{chapter.1}% 22
\BOOKMARK [0][-]{chapter.14}{2 Fundamenta\347\343o Te\363rica}{}% 23
\BOOKMARK [1][-]{section.15}{2.1 Empreendedorismo}{chapter.14}% 24
\BOOKMARK [1][-]{section.16}{2.2 Startup}{chapter.14}% 25
\BOOKMARK [1][-]{section.17}{2.3 Manufatura Enxuta}{chapter.14}% 26
\BOOKMARK [1][-]{section.30}{2.4 O Lean Startup}{chapter.14}% 27
\BOOKMARK [1][-]{section.31}{2.5 Customer Development}{chapter.14}% 28
\BOOKMARK [1][-]{section.33}{2.6 Desenvolvimento \341gil}{chapter.14}% 29
\BOOKMARK [1][-]{section.34}{2.7 Plataformas tecnol\363gicas como commodities}{chapter.14}% 30
\BOOKMARK [1][-]{section.35}{2.8 MVP: Minimum Viable Product}{chapter.14}% 31
\BOOKMARK [1][-]{section.36}{2.9 Business Model Canvas}{chapter.14}% 32
\BOOKMARK [1][-]{section.41}{2.10 Lean Canvas}{chapter.14}% 33
\BOOKMARK [1][-]{section.52}{2.11 Feedback}{chapter.14}% 34
\BOOKMARK [2][-]{subsection.53}{2.11.1 Ciclo de Feedback}{section.52}% 35
\BOOKMARK [1][-]{section.55}{2.12 Entrega Cont\355nua}{chapter.14}% 36
\BOOKMARK [0][-]{chapter.57}{3 OI EU SOU UM TESTE}{}% 37
\BOOKMARK [1][-]{section.58}{3.1 TESTE}{chapter.57}% 38
\BOOKMARK [0][-]{chapter.69}{4 Perpetuus, uma Gem para construir MVP's}{}% 39
\BOOKMARK [1][-]{section.70}{4.1 O conceito de Gem}{chapter.69}% 40
\BOOKMARK [1][-]{section.71}{4.2 Descri\347\343o da Perpetuus Gem}{chapter.69}% 41
\BOOKMARK [1][-]{section.72}{4.3 Requisitos de Sistema}{chapter.69}% 42
\BOOKMARK [1][-]{section.73}{4.4 Tecnologias Empregadas}{chapter.69}% 43
\BOOKMARK [2][-]{subsection.74}{4.4.1 Ruby}{section.73}% 44
\BOOKMARK [2][-]{subsection.75}{4.4.2 Ruby on Rails}{section.73}% 45
\BOOKMARK [2][-]{subsection.76}{4.4.3 RSpec}{section.73}% 46
\BOOKMARK [2][-]{subsection.77}{4.4.4 GitHub}{section.73}% 47
\BOOKMARK [2][-]{subsection.78}{4.4.5 Heroku}{section.73}% 48
\BOOKMARK [2][-]{subsection.79}{4.4.6 Travis}{section.73}% 49
\BOOKMARK [1][-]{section.80}{4.5 Instala\347\343o}{chapter.69}% 50
\BOOKMARK [1][-]{section.81}{4.6 Funcionamento da Gem}{chapter.69}% 51
\BOOKMARK [2][-]{subsection.82}{4.6.1 O comando perpetuus setup}{section.81}% 52
\BOOKMARK [2][-]{subsection.88}{4.6.2 O comando perpetuus deploy}{section.81}% 53
\BOOKMARK [0][-]{chapter.92}{5 Considera\347\365es finais}{}% 54
\BOOKMARK [1][-]{section.93}{5.1 Limita\347\365es e dificuldades encontradas}{chapter.92}% 55
\BOOKMARK [1][-]{section.94}{5.2 Conclus\343o}{chapter.92}% 56
\BOOKMARK [1][-]{section.95}{5.3 Trabalhos futuros}{chapter.92}% 57
\BOOKMARK [0][-]{section.95}{Refer\352ncias Bibliogr\341ficas}{}% 58
